TN:
SF:/home/ruben/github/Platzy/node/avanzado/verse-db/index.js
FN:9,(anonymous_0)
FNF:1
FNH:1
FNDA:4,(anonymous_0)
DA:3,4
DA:4,4
DA:5,4
DA:6,4
DA:7,4
DA:9,4
DA:10,4
DA:22,4
DA:23,4
DA:24,4
DA:27,4
DA:28,4
DA:31,4
DA:34,4
DA:36,0
DA:39,4
DA:40,4
DA:42,4
LF:18
LH:17
BRDA:34,0,0,0
BRDA:34,0,1,4
BRF:2
BRH:1
end_of_record
TN:
SF:/home/ruben/github/Platzy/node/avanzado/verse-db/lib/agent.js
FN:3,setupAgent
FN:4,createOrUpdate
FN:22,findById
FNF:3
FNH:3
FNDA:4,setupAgent
FNDA:1,createOrUpdate
FNDA:1,findById
DA:3,1
DA:5,1
DA:11,1
DA:13,1
DA:14,1
DA:15,1
DA:18,0
DA:19,0
DA:23,1
DA:26,4
LF:10
LH:8
BRDA:13,0,0,1
BRDA:13,0,1,0
BRDA:15,1,0,1
BRDA:15,1,1,0
BRF:4
BRH:2
end_of_record
TN:
SF:/home/ruben/github/Platzy/node/avanzado/verse-db/lib/db.js
FN:8,setupDatabase
FNF:1
FNH:1
FNDA:4,setupDatabase
DA:3,1
DA:4,1
DA:6,1
DA:8,1
DA:9,4
DA:10,1
DA:11,1
DA:14,4
LF:8
LH:8
BRDA:9,0,0,1
BRDA:9,0,1,3
BRF:2
BRH:2
end_of_record
TN:
SF:/home/ruben/github/Platzy/node/avanzado/verse-db/models/agent.js
FN:6,setupAgentModel
FNF:1
FNH:0
FNDA:0,setupAgentModel
DA:3,1
DA:4,1
DA:6,1
DA:7,0
DA:9,0
LF:5
LH:3
BRF:0
BRH:0
end_of_record
TN:
SF:/home/ruben/github/Platzy/node/avanzado/verse-db/models/metric.js
FN:6,setupMetricModel
FNF:1
FNH:0
FNDA:0,setupMetricModel
DA:3,1
DA:4,1
DA:6,1
DA:7,0
DA:9,0
LF:5
LH:3
BRF:0
BRH:0
end_of_record
TN:
SF:/home/ruben/github/Platzy/node/avanzado/verse-db/tests/agent-tests.js
FN:9,(anonymous_4)
FN:30,(anonymous_5)
FN:50,(anonymous_6)
FN:51,(anonymous_7)
FN:56,(anonymous_8)
FN:60,(anonymous_9)
FN:64,(anonymous_10)
FN:71,(anonymous_11)
FN:81,(anonymous_12)
FNF:9
FNH:9
FNDA:4,(anonymous_4)
FNDA:4,(anonymous_5)
FNDA:4,(anonymous_6)
FNDA:4,(anonymous_7)
FNDA:4,(anonymous_8)
FNDA:1,(anonymous_9)
FNDA:1,(anonymous_10)
FNDA:1,(anonymous_11)
FNDA:1,(anonymous_12)
DA:3,1
DA:4,1
DA:5,1
DA:6,1
DA:8,1
DA:13,1
DA:17,1
DA:18,1
DA:19,1
DA:20,1
DA:21,1
DA:22,1
DA:24,1
DA:30,1
DA:31,4
DA:33,4
DA:38,4
DA:39,4
DA:42,4
DA:43,4
DA:46,4
DA:47,4
DA:49,4
DA:50,4
DA:51,4
DA:53,4
DA:56,1
DA:57,4
DA:60,1
DA:61,1
DA:64,4
DA:65,1
DA:66,1
DA:67,1
DA:68,1
DA:71,3
DA:72,1
DA:74,1
DA:75,1
DA:76,1
DA:78,1
DA:81,3
DA:82,1
DA:84,1
DA:85,1
DA:86,1
DA:88,1
LF:47
LH:47
BRDA:57,0,0,4
BRDA:57,0,1,4
BRF:2
BRH:2
end_of_record
TN:
SF:/home/ruben/github/Platzy/node/avanzado/verse-db/tests/fixtures/agent.js
FN:22,extend
FN:30,(anonymous_1)
FN:31,(anonymous_2)
FN:32,(anonymous_3)
FN:32,(anonymous_4)
FN:33,(anonymous_5)
FN:33,(anonymous_6)
FNF:7
FNH:7
FNDA:3,extend
FNDA:4,(anonymous_1)
FNDA:4,(anonymous_2)
FNDA:4,(anonymous_3)
FNDA:16,(anonymous_4)
FNDA:5,(anonymous_5)
FNDA:20,(anonymous_6)
DA:3,1
DA:15,1
DA:23,3
DA:24,3
DA:27,1
DA:30,4
DA:31,4
DA:32,16
DA:33,20
LF:9
LH:9
BRF:0
BRH:0
end_of_record
