TN:
SF:/home/ruben/github/Platzy/node/verse-db/index.js
FN:13,(anonymous_0)
FNF:1
FNH:1
FNDA:1,(anonymous_0)
DA:8,1
DA:9,1
DA:10,1
DA:11,1
DA:13,1
DA:14,1
DA:26,1
DA:27,1
DA:28,1
DA:31,1
DA:33,1
DA:35,1
DA:37,1
DA:38,0
DA:40,1
DA:41,1
DA:43,1
LF:17
LH:16
BRDA:37,0,0,0
BRDA:37,0,1,1
BRF:2
BRH:1
end_of_record
TN:
SF:/home/ruben/github/Platzy/node/verse-db/lib/db.js
FN:9,setupDataBase
FNF:1
FNH:1
FNDA:3,setupDataBase
DA:4,1
DA:7,1
DA:9,1
DA:10,3
DA:11,1
DA:14,3
LF:6
LH:6
BRDA:10,0,0,1
BRDA:10,0,1,2
BRF:2
BRH:2
end_of_record
TN:
SF:/home/ruben/github/Platzy/node/verse-db/models/agent.js
FN:9,setupAgentModel
FNF:1
FNH:1
FNDA:1,setupAgentModel
DA:6,1
DA:7,1
DA:9,1
DA:10,1
DA:12,1
LF:5
LH:5
BRF:0
BRH:0
end_of_record
TN:
SF:/home/ruben/github/Platzy/node/verse-db/models/metric.js
FN:9,setupMetricModel
FNF:1
FNH:1
FNDA:1,setupMetricModel
DA:6,1
DA:7,1
DA:9,1
DA:10,1
DA:11,1
LF:5
LH:5
BRF:0
BRH:0
end_of_record
