TN:
SF:/home/ruben/github/Platzy/node/verse-db/index.js
FN:8,(anonymous_0)
FNF:1
FNH:1
FNDA:2,(anonymous_0)
DA:3,2
DA:4,2
DA:5,2
DA:6,2
DA:8,2
DA:9,2
DA:21,2
DA:22,2
DA:23,2
DA:26,2
DA:28,2
DA:30,2
DA:32,2
DA:33,0
DA:35,2
DA:36,2
DA:38,2
LF:17
LH:16
BRDA:32,0,0,0
BRDA:32,0,1,2
BRF:2
BRH:1
end_of_record
TN:
SF:/home/ruben/github/Platzy/node/verse-db/lib/db.js
FN:9,setupDataBase
FNF:1
FNH:1
FNDA:2,setupDataBase
DA:4,1
DA:7,1
DA:9,1
DA:10,2
DA:11,1
DA:14,2
LF:6
LH:6
BRDA:10,0,0,1
BRDA:10,0,1,1
BRF:2
BRH:2
end_of_record
TN:
SF:/home/ruben/github/Platzy/node/verse-db/models/agent.js
FN:9,setupAgentModel
FNF:1
FNH:0
FNDA:0,setupAgentModel
DA:6,1
DA:7,1
DA:9,1
DA:10,0
DA:12,0
LF:5
LH:3
BRF:0
BRH:0
end_of_record
TN:
SF:/home/ruben/github/Platzy/node/verse-db/models/metric.js
FN:9,setupMetricModel
FNF:1
FNH:0
FNDA:0,setupMetricModel
DA:6,1
DA:7,1
DA:9,1
DA:10,0
DA:11,0
LF:5
LH:3
BRF:0
BRH:0
end_of_record
